<?xml version="1.0" encoding="UTF-8"?>
<testsuite xmlns:xsi="http://www.w3.org/2001/XMLSchema-instance" xsi:schemaLocation="https://maven.apache.org/surefire/maven-surefire-plugin/xsd/surefire-test-report.xsd" name="edu.csumb.cst438fa16.hangman.webclient.HangmanIT" time="11.708" tests="1" errors="1" skipped="0" failures="0">
  <properties>
[...]
</properties>
  <testcase name="chenkForCorrectInput" classname="edu.csumb.cst438fa16.hangman.webclient.HangmanIT" time="10.972">
    <error message="Timed out after 10 seconds waiting for text to be &quot;h.........&quot;. Current text: &quot;&quot;&#10;Build info: version: &apos;2.53.1&apos;, revision: &apos;a36b8b1cd5757287168e54b817830adce9b0158d&apos;, time: &apos;2016-06-30 19:26:09&apos;&#10;System info: host: &apos;t430&apos;, ip: &apos;10.11.24.155&apos;, os.name: &apos;Linux&apos;, os.arch: &apos;amd64&apos;, os.version: &apos;4.7.2-1-ARCH&apos;, java.version: &apos;1.8.0_102&apos;&#10;Driver info: org.openqa.selenium.chrome.ChromeDriver&#10;Capabilities [{applicationCacheEnabled=false, rotatable=false, mobileEmulationEnabled=false, networkConnectionEnabled=false, chrome={chromedriverVersion=2.23.409687 (c46e862757edc04c06b1bd88724d15a5807b84d1), userDataDir=/tmp/.org.chromium.Chromium.GmmOOJ}, takesHeapSnapshot=true, databaseEnabled=false, handlesAlerts=true, hasTouchScreen=false, version=52.0.2743.116, platform=LINUX, browserConnectionEnabled=false, nativeEvents=true, acceptSslCerts=true, locationContextEnabled=true, webStorageEnabled=true, browserName=chrome, takesScreenshot=true, javascriptEnabled=true, cssSelectorsEnabled=true}]&#10;Session ID: 28077638093350df596718c2d8a41c73" type="org.openqa.selenium.TimeoutException">org.openqa.selenium.TimeoutException: 
Timed out after 10 seconds waiting for text to be "h.........". Current text: ""
Build info: version: '2.53.1', revision: 'a36b8b1cd5757287168e54b817830adce9b0158d', time: '2016-06-30 19:26:09'
System info: host: 't430', ip: '10.11.24.155', os.name: 'Linux', os.arch: 'amd64', os.version: '4.7.2-1-ARCH', java.version: '1.8.0_102'
Driver info: org.openqa.selenium.chrome.ChromeDriver
Capabilities [{applicationCacheEnabled=false, rotatable=false, mobileEmulationEnabled=false, networkConnectionEnabled=false, chrome={chromedriverVersion=2.23.409687 (c46e862757edc04c06b1bd88724d15a5807b84d1), userDataDir=/tmp/.org.chromium.Chromium.GmmOOJ}, takesHeapSnapshot=true, databaseEnabled=false, handlesAlerts=true, hasTouchScreen=false, version=52.0.2743.116, platform=LINUX, browserConnectionEnabled=false, nativeEvents=true, acceptSslCerts=true, locationContextEnabled=true, webStorageEnabled=true, browserName=chrome, takesScreenshot=true, javascriptEnabled=true, cssSelectorsEnabled=true}]
Session ID: 28077638093350df596718c2d8a41c73
	at edu.csumb.cst438fa16.hangman.webclient.HangmanIT.chenkForCorrectInput(HangmanIT.java:52)
</error>
    <system-out><![CDATA[
1 Scenarios (&amp#27;[33m1 pending&amp#27;[0m)
3 Steps (&amp#27;[36m2 skipped&amp#27;[0m, &amp#27;[33m1 pending&amp#27;[0m)
0m2.474s

cucumber.api.PendingException: TODO: implement me
	at feature.webclient.HangmanSteps.i_am_in_the_hangman_page(HangmanSteps.java:30)
	at ✽.Given I am in the hangman page(feature/webclient/hangmantest.feature:5)

]]></system-out>
    <system-err><![CDATA[Starting ChromeDriver 2.23.409687 (c46e862757edc04c06b1bd88724d15a5807b84d1) on port 29362
Only local connections are allowed.
]]></system-err>
  </testcase>
</testsuite>